2024-06-19 19:58:56,475:DEBUG:Anwendung wird gestartet
2024-06-19 19:58:56,489:DEBUG:Embedded Python Path: c:\users\ralfk\appdata\local\programs\python\python312\python.exe
2024-06-19 19:58:56,490:DEBUG:Console Initialisierung beginnt
2024-06-19 19:58:56,490:DEBUG:UI Initialisierung beginnt
2024-06-19 19:58:56,817:DEBUG:InteractiveConsole Initialisierung beginnt
2024-06-19 19:58:56,817:DEBUG:InteractiveConsole UI Initialisierung beginnt
2024-06-19 19:58:56,817:DEBUG:InteractiveConsole UI Initialisierung abgeschlossen
2024-06-19 19:58:56,817:DEBUG:InteractiveConsole Initialisierung abgeschlossen
2024-06-19 19:58:56,817:DEBUG:Dock Widgets werden eingerichtet
2024-06-19 19:58:56,831:DEBUG:UI Initialisierung abgeschlossen
2024-06-19 19:58:56,848:DEBUG:Console Initialisierung abgeschlossen
2024-06-19 19:58:56,912:DEBUG:Hauptfenster wird angezeigt
2024-06-19 19:59:23,899:DEBUG:Programm geschlossen und log Datei gelöscht
2024-06-19 19:59:29,328:DEBUG:Anwendung wird gestartet
2024-06-19 19:59:29,340:DEBUG:Embedded Python Path: c:\users\ralfk\appdata\local\programs\python\python312\python.exe
2024-06-19 19:59:29,340:DEBUG:Console Initialisierung beginnt
2024-06-19 19:59:29,340:DEBUG:UI Initialisierung beginnt
2024-06-19 19:59:29,643:DEBUG:InteractiveConsole Initialisierung beginnt
2024-06-19 19:59:29,643:DEBUG:InteractiveConsole UI Initialisierung beginnt
2024-06-19 19:59:29,643:DEBUG:InteractiveConsole UI Initialisierung abgeschlossen
2024-06-19 19:59:29,643:DEBUG:InteractiveConsole Initialisierung abgeschlossen
2024-06-19 19:59:29,644:DEBUG:Dock Widgets werden eingerichtet
2024-06-19 19:59:29,657:DEBUG:UI Initialisierung abgeschlossen
2024-06-19 19:59:29,682:DEBUG:Einstellungen geladen
2024-06-19 19:59:29,682:DEBUG:Console Initialisierung abgeschlossen
2024-06-19 19:59:29,717:DEBUG:Hauptfenster wird angezeigt
2024-06-19 19:59:40,745:DEBUG:Einstellungen gespeichert
2024-06-19 19:59:43,047:DEBUG:Programm geschlossen und log Datei gelöscht
2024-06-19 19:59:47,634:DEBUG:Anwendung wird gestartet
2024-06-19 19:59:47,647:DEBUG:Embedded Python Path: c:\users\ralfk\appdata\local\programs\python\python312\python.exe
2024-06-19 19:59:47,651:DEBUG:Console Initialisierung beginnt
2024-06-19 19:59:47,651:DEBUG:UI Initialisierung beginnt
2024-06-19 19:59:48,022:DEBUG:InteractiveConsole Initialisierung beginnt
2024-06-19 19:59:48,023:DEBUG:InteractiveConsole UI Initialisierung beginnt
2024-06-19 19:59:48,023:DEBUG:InteractiveConsole UI Initialisierung abgeschlossen
2024-06-19 19:59:48,023:DEBUG:InteractiveConsole Initialisierung abgeschlossen
2024-06-19 19:59:48,023:DEBUG:Dock Widgets werden eingerichtet
2024-06-19 19:59:48,038:DEBUG:UI Initialisierung abgeschlossen
2024-06-19 19:59:48,072:DEBUG:Einstellungen geladen
2024-06-19 19:59:48,072:DEBUG:Console Initialisierung abgeschlossen
2024-06-19 19:59:48,108:DEBUG:Hauptfenster wird angezeigt
2024-06-19 20:02:44,823:DEBUG:Programm geschlossen und log Datei gelöscht
2024-06-19 20:16:53,582:DEBUG:Anwendung wird gestartet
2024-06-19 20:16:53,593:DEBUG:Embedded Python Path: c:\users\ralfk\appdata\local\programs\python\python312\python.exe
2024-06-19 20:16:53,594:DEBUG:Console Initialisierung beginnt
2024-06-19 20:16:53,594:DEBUG:UI Initialisierung beginnt
2024-06-19 20:16:53,882:DEBUG:InteractiveConsole Initialisierung beginnt
2024-06-19 20:16:53,883:DEBUG:InteractiveConsole UI Initialisierung beginnt
2024-06-19 20:16:53,883:DEBUG:InteractiveConsole UI Initialisierung abgeschlossen
2024-06-19 20:16:53,883:DEBUG:InteractiveConsole Initialisierung abgeschlossen
2024-06-19 20:16:53,883:DEBUG:Dock Widgets werden eingerichtet
2024-06-19 20:16:53,896:DEBUG:UI Initialisierung abgeschlossen
2024-06-19 20:16:53,901:DEBUG:Einstellungen geladen
2024-06-19 20:16:53,901:DEBUG:Console Initialisierung abgeschlossen
2024-06-19 20:16:53,958:DEBUG:Hauptfenster wird angezeigt
2024-06-19 20:17:06,045:DEBUG:Einstellungen gespeichert
2024-06-19 20:17:06,073:DEBUG:Programm geschlossen und log Datei gelöscht
2024-06-19 23:26:16,072:DEBUG:Anwendung wird gestartet
2024-06-19 23:26:16,083:DEBUG:Embedded Python Path: c:\users\ralfk\appdata\local\programs\python\python312\python.exe
2024-06-19 23:26:16,084:DEBUG:Console Initialisierung beginnt
2024-06-19 23:26:16,084:DEBUG:UI Initialisierung beginnt
2024-06-19 23:26:16,416:DEBUG:Dock Widgets werden eingerichtet
2024-06-19 23:26:16,429:DEBUG:UI Initialisierung abgeschlossen
2024-06-19 23:26:16,463:DEBUG:Einstellungen geladen
2024-06-19 23:26:16,463:DEBUG:Console Initialisierung abgeschlossen
2024-06-19 23:26:16,497:DEBUG:Hauptfenster wird angezeigt
2024-06-19 23:26:39,561:DEBUG:TODO-Liste wird aktualisiert
2024-06-19 23:26:39,869:DEBUG:pickle loaded: C:\Users\ralfk\AppData\Roaming\Python\Python312\site-packages\jedi\third_party\typeshed\stdlib\3\builtins.pyi
2024-06-19 23:26:39,889:DEBUG:pickle loaded: C:\Users\ralfk\AppData\Roaming\Python\Python312\site-packages\jedi\third_party\typeshed\stdlib\3\sys.pyi
2024-06-19 23:26:39,904:DEBUG:TODO-Liste wird aktualisiert
2024-06-19 23:26:39,955:DEBUG:TODO-Liste wird aktualisiert
2024-06-19 23:26:41,007:DEBUG:TODO-Liste wird aktualisiert
2024-06-19 23:26:42,084:DEBUG:TODO-Liste wird aktualisiert
2024-06-19 23:26:42,712:DEBUG:TODO-Liste wird aktualisiert
2024-06-19 23:26:44,207:DEBUG:TODO-Liste wird aktualisiert
2024-06-19 23:26:45,017:DEBUG:TODO-Liste wird aktualisiert
2024-06-19 23:26:45,131:DEBUG:TODO-Liste wird aktualisiert
2024-06-19 23:26:45,304:DEBUG:TODO-Liste wird aktualisiert
2024-06-19 23:26:45,421:DEBUG:TODO-Liste wird aktualisiert
2024-06-19 23:26:45,617:DEBUG:TODO-Liste wird aktualisiert
2024-06-19 23:26:46,058:DEBUG:TODO-Liste wird aktualisiert
2024-06-19 23:26:47,392:DEBUG:TODO-Liste wird aktualisiert
2024-06-19 23:26:48,810:DEBUG:TODO-Liste wird aktualisiert
2024-06-19 23:26:49,014:DEBUG:TODO-Liste wird aktualisiert
2024-06-19 23:26:49,191:DEBUG:TODO-Liste wird aktualisiert
2024-06-19 23:26:49,371:DEBUG:TODO-Liste wird aktualisiert
2024-06-19 23:26:49,552:DEBUG:TODO-Liste wird aktualisiert
2024-06-19 23:26:49,725:DEBUG:TODO-Liste wird aktualisiert
2024-06-19 23:26:49,910:DEBUG:TODO-Liste wird aktualisiert
2024-06-19 23:26:50,116:DEBUG:TODO-Liste wird aktualisiert
2024-06-19 23:26:50,420:DEBUG:TODO-Liste wird aktualisiert
2024-06-19 23:26:51,182:DEBUG:TODO-Liste wird aktualisiert
2024-06-19 23:26:51,998:DEBUG:TODO-Liste wird aktualisiert
2024-06-19 23:26:53,495:DEBUG:TODO-Liste wird aktualisiert
2024-06-19 23:26:53,697:DEBUG:TODO-Liste wird aktualisiert
2024-06-19 23:26:53,856:DEBUG:TODO-Liste wird aktualisiert
2024-06-19 23:26:54,031:DEBUG:TODO-Liste wird aktualisiert
2024-06-19 23:26:54,206:DEBUG:TODO-Liste wird aktualisiert
2024-06-19 23:26:54,372:DEBUG:TODO-Liste wird aktualisiert
2024-06-19 23:26:54,531:DEBUG:TODO-Liste wird aktualisiert
2024-06-19 23:26:54,706:DEBUG:TODO-Liste wird aktualisiert
2024-06-19 23:26:54,886:DEBUG:TODO-Liste wird aktualisiert
2024-06-19 23:26:55,108:DEBUG:TODO-Liste wird aktualisiert
2024-06-19 23:26:56,530:DEBUG:TODO-Liste wird aktualisiert
2024-06-19 23:26:57,678:DEBUG:TODO-Liste wird aktualisiert
2024-06-19 23:26:58,184:DEBUG:TODO-Liste wird aktualisiert
2024-06-19 23:26:58,212:DEBUG:TODO-Liste wird aktualisiert
2024-06-19 23:26:58,243:DEBUG:TODO-Liste wird aktualisiert
2024-06-19 23:26:58,272:DEBUG:TODO-Liste wird aktualisiert
2024-06-19 23:26:58,302:DEBUG:TODO-Liste wird aktualisiert
2024-06-19 23:26:58,337:DEBUG:TODO-Liste wird aktualisiert
2024-06-19 23:26:58,376:DEBUG:TODO-Liste wird aktualisiert
2024-06-19 23:26:58,405:DEBUG:TODO-Liste wird aktualisiert
2024-06-19 23:26:58,973:DEBUG:TODO-Liste wird aktualisiert
2024-06-19 23:27:00,949:DEBUG:TODO-Liste wird aktualisiert
2024-06-19 23:27:02,709:DEBUG:TODO-Liste wird aktualisiert
2024-06-19 23:27:04,123:DEBUG:TODO-Liste wird aktualisiert
2024-06-19 23:27:04,124:DEBUG:diff parser start
2024-06-19 23:27:04,124:DEBUG:line_lengths old: 1; new: 3
2024-06-19 23:27:04,125:DEBUG:-> code[replace] old[1:1] new[1:3]
2024-06-19 23:27:04,125:DEBUG:parse_part from 1 to 3 (to 2 in part parser)
2024-06-19 23:27:04,125:DEBUG:diff parser end
2024-06-19 23:27:04,386:DEBUG:TODO-Liste wird aktualisiert
2024-06-19 23:27:04,866:DEBUG:TODO-Liste wird aktualisiert
2024-06-19 23:27:05,853:DEBUG:TODO-Liste wird aktualisiert
2024-06-19 23:27:05,991:DEBUG:TODO-Liste wird aktualisiert
2024-06-19 23:27:06,401:DEBUG:TODO-Liste wird aktualisiert
2024-06-19 23:27:07,472:DEBUG:TODO-Liste wird aktualisiert
2024-06-19 23:27:15,022:DEBUG:TODO-Liste wird aktualisiert
2024-06-19 23:27:16,713:DEBUG:TODO-Liste wird aktualisiert
2024-06-19 23:27:22,415:DEBUG:TODO-Liste wird aktualisiert
2024-06-19 23:27:23,514:DEBUG:TODO-Liste wird aktualisiert
2024-06-19 23:27:29,984:DEBUG:TODO-Liste wird aktualisiert
2024-06-19 23:27:29,989:DEBUG:diff parser start
2024-06-19 23:27:29,990:DEBUG:line_lengths old: 3; new: 3
2024-06-19 23:27:29,990:DEBUG:-> code[equal] old[1:2] new[1:2]
2024-06-19 23:27:29,990:DEBUG:copy old[1:1] new[1:1]
2024-06-19 23:27:29,990:DEBUG:parse_part from 2 to 3 (to 2 in part parser)
2024-06-19 23:27:29,990:DEBUG:-> code[replace] old[3:3] new[3:3]
2024-06-19 23:27:29,990:DEBUG:diff parser end
2024-06-19 23:27:30,116:DEBUG:TODO-Liste wird aktualisiert
2024-06-19 23:27:30,273:DEBUG:TODO-Liste wird aktualisiert
2024-06-19 23:27:30,449:DEBUG:TODO-Liste wird aktualisiert
2024-06-19 23:27:30,628:DEBUG:TODO-Liste wird aktualisiert
2024-06-19 23:27:38,004:DEBUG:TODO-Liste wird aktualisiert
2024-06-19 23:27:38,167:DEBUG:TODO-Liste wird aktualisiert
2024-06-19 23:27:38,426:DEBUG:TODO-Liste wird aktualisiert
2024-06-19 23:27:38,643:DEBUG:TODO-Liste wird aktualisiert
2024-06-19 23:27:38,827:DEBUG:TODO-Liste wird aktualisiert
2024-06-19 23:27:40,034:DEBUG:TODO-Liste wird aktualisiert
2024-06-19 23:27:40,184:DEBUG:TODO-Liste wird aktualisiert
2024-06-19 23:27:40,358:DEBUG:TODO-Liste wird aktualisiert
2024-06-19 23:27:47,189:DEBUG:TODO-Liste wird aktualisiert
2024-06-19 23:27:47,190:DEBUG:diff parser start
2024-06-19 23:27:47,190:DEBUG:line_lengths old: 3; new: 3
2024-06-19 23:27:47,190:DEBUG:-> code[equal] old[1:2] new[1:2]
2024-06-19 23:27:47,190:DEBUG:copy old[1:1] new[1:1]
2024-06-19 23:27:47,190:DEBUG:parse_part from 2 to 3 (to 2 in part parser)
2024-06-19 23:27:47,190:DEBUG:-> code[replace] old[3:3] new[3:3]
2024-06-19 23:27:47,190:DEBUG:diff parser end
2024-06-19 23:27:47,335:DEBUG:TODO-Liste wird aktualisiert
2024-06-19 23:27:47,336:DEBUG:diff parser start
2024-06-19 23:27:47,336:DEBUG:line_lengths old: 3; new: 3
2024-06-19 23:27:47,336:DEBUG:-> code[equal] old[1:2] new[1:2]
2024-06-19 23:27:47,336:DEBUG:copy old[1:1] new[1:1]
2024-06-19 23:27:47,337:DEBUG:parse_part from 2 to 3 (to 2 in part parser)
2024-06-19 23:27:47,337:DEBUG:-> code[replace] old[3:3] new[3:3]
2024-06-19 23:27:47,337:DEBUG:diff parser end
2024-06-19 23:27:47,467:DEBUG:TODO-Liste wird aktualisiert
2024-06-19 23:27:47,468:DEBUG:diff parser start
2024-06-19 23:27:47,468:DEBUG:line_lengths old: 3; new: 3
2024-06-19 23:27:47,468:DEBUG:-> code[equal] old[1:2] new[1:2]
2024-06-19 23:27:47,468:DEBUG:copy old[1:1] new[1:1]
2024-06-19 23:27:47,468:DEBUG:parse_part from 2 to 3 (to 2 in part parser)
2024-06-19 23:27:47,468:DEBUG:-> code[replace] old[3:3] new[3:3]
2024-06-19 23:27:47,468:DEBUG:diff parser end
2024-06-19 23:27:47,603:DEBUG:TODO-Liste wird aktualisiert
2024-06-19 23:27:47,604:DEBUG:diff parser start
2024-06-19 23:27:47,604:DEBUG:line_lengths old: 3; new: 3
2024-06-19 23:27:47,604:DEBUG:-> code[equal] old[1:2] new[1:2]
2024-06-19 23:27:47,604:DEBUG:copy old[1:1] new[1:1]
2024-06-19 23:27:47,604:DEBUG:parse_part from 2 to 3 (to 2 in part parser)
2024-06-19 23:27:47,605:DEBUG:-> code[replace] old[3:3] new[3:3]
2024-06-19 23:27:47,605:DEBUG:diff parser end
2024-06-19 23:27:48,486:DEBUG:TODO-Liste wird aktualisiert
2024-06-19 23:27:48,487:DEBUG:diff parser start
2024-06-19 23:27:48,487:DEBUG:line_lengths old: 3; new: 3
2024-06-19 23:27:48,487:DEBUG:-> code[equal] old[1:2] new[1:2]
2024-06-19 23:27:48,487:DEBUG:copy old[1:1] new[1:1]
2024-06-19 23:27:48,488:DEBUG:parse_part from 2 to 3 (to 2 in part parser)
2024-06-19 23:27:48,488:DEBUG:-> code[replace] old[3:3] new[3:3]
2024-06-19 23:27:48,488:DEBUG:diff parser end
2024-06-19 23:27:52,549:DEBUG:TODO-Liste wird aktualisiert
2024-06-19 23:27:52,951:DEBUG:TODO-Liste wird aktualisiert
2024-06-19 23:27:53,978:DEBUG:TODO-Liste wird aktualisiert
2024-06-19 23:27:53,980:DEBUG:diff parser start
2024-06-19 23:27:53,980:DEBUG:line_lengths old: 3; new: 5
2024-06-19 23:27:53,980:DEBUG:-> code[equal] old[1:2] new[1:2]
2024-06-19 23:27:53,980:DEBUG:copy old[1:1] new[1:1]
2024-06-19 23:27:53,980:DEBUG:parse_part from 2 to 5 (to 4 in part parser)
2024-06-19 23:27:53,980:DEBUG:-> code[replace] old[3:3] new[3:5]
2024-06-19 23:27:53,980:DEBUG:diff parser end
2024-06-19 23:27:54,247:DEBUG:TODO-Liste wird aktualisiert
2024-06-19 23:27:54,405:DEBUG:TODO-Liste wird aktualisiert
2024-06-19 23:27:54,530:DEBUG:TODO-Liste wird aktualisiert
2024-06-19 23:27:54,690:DEBUG:TODO-Liste wird aktualisiert
2024-06-19 23:27:55,883:DEBUG:TODO-Liste wird aktualisiert
2024-06-19 23:27:56,746:DEBUG:TODO-Liste wird aktualisiert
2024-06-19 23:27:57,457:DEBUG:TODO-Liste wird aktualisiert
2024-06-19 23:27:57,591:DEBUG:TODO-Liste wird aktualisiert
2024-06-19 23:27:57,769:DEBUG:TODO-Liste wird aktualisiert
2024-06-19 23:27:59,640:DEBUG:TODO-Liste wird aktualisiert
2024-06-19 23:27:59,837:DEBUG:TODO-Liste wird aktualisiert
2024-06-19 23:27:59,995:DEBUG:TODO-Liste wird aktualisiert
2024-06-19 23:28:00,444:DEBUG:TODO-Liste wird aktualisiert
2024-06-19 23:28:01,146:DEBUG:TODO-Liste wird aktualisiert
2024-06-19 23:28:01,297:DEBUG:TODO-Liste wird aktualisiert
2024-06-19 23:28:01,456:DEBUG:TODO-Liste wird aktualisiert
2024-06-19 23:28:02,511:DEBUG:TODO-Liste wird aktualisiert
2024-06-19 23:28:05,253:DEBUG:TODO-Liste wird aktualisiert
2024-06-19 23:28:06,534:DEBUG:TODO-Liste wird aktualisiert
2024-06-19 23:28:06,712:DEBUG:TODO-Liste wird aktualisiert
2024-06-19 23:28:09,102:DEBUG:TODO-Liste wird aktualisiert
2024-06-19 23:28:09,930:DEBUG:TODO-Liste wird aktualisiert
2024-06-19 23:28:11,076:DEBUG:TODO-Liste wird aktualisiert
2024-06-19 23:28:11,076:DEBUG:diff parser start
2024-06-19 23:28:11,076:DEBUG:line_lengths old: 5; new: 7
2024-06-19 23:28:11,076:DEBUG:-> code[equal] old[1:4] new[1:4]
2024-06-19 23:28:11,076:DEBUG:copy old[1:1] new[1:1]
2024-06-19 23:28:11,076:DEBUG:parse_part from 2 to 5 (to 6 in part parser)
2024-06-19 23:28:11,076:DEBUG:-> code[replace] old[5:5] new[5:7]
2024-06-19 23:28:11,076:DEBUG:parse_part from 6 to 7 (to 6 in part parser)
2024-06-19 23:28:11,076:DEBUG:diff parser end
2024-06-19 23:28:11,313:DEBUG:TODO-Liste wird aktualisiert
2024-06-19 23:28:11,461:DEBUG:TODO-Liste wird aktualisiert
2024-06-19 23:28:11,721:DEBUG:TODO-Liste wird aktualisiert
2024-06-19 23:28:14,130:DEBUG:TODO-Liste wird aktualisiert
2024-06-19 23:28:17,056:DEBUG:TODO-Liste wird aktualisiert
2024-06-19 23:28:17,209:DEBUG:TODO-Liste wird aktualisiert
2024-06-19 23:28:17,578:DEBUG:TODO-Liste wird aktualisiert
2024-06-19 23:28:17,889:DEBUG:TODO-Liste wird aktualisiert
2024-06-19 23:28:18,878:DEBUG:TODO-Liste wird aktualisiert
2024-06-19 23:28:19,051:DEBUG:TODO-Liste wird aktualisiert
2024-06-19 23:28:19,156:DEBUG:TODO-Liste wird aktualisiert
2024-06-19 23:28:19,365:DEBUG:TODO-Liste wird aktualisiert
2024-06-19 23:28:20,987:DEBUG:TODO-Liste wird aktualisiert
2024-06-19 23:28:21,553:DEBUG:TODO-Liste wird aktualisiert
2024-06-19 23:28:21,555:DEBUG:diff parser start
2024-06-19 23:28:21,555:DEBUG:line_lengths old: 7; new: 7
2024-06-19 23:28:21,555:DEBUG:-> code[equal] old[1:4] new[1:4]
2024-06-19 23:28:21,555:DEBUG:copy old[1:1] new[1:1]
2024-06-19 23:28:21,555:DEBUG:parse_part from 2 to 5 (to 6 in part parser)
2024-06-19 23:28:21,555:DEBUG:-> code[replace] old[5:5] new[5:5]
2024-06-19 23:28:21,556:DEBUG:-> code[equal] old[6:6] new[6:6]
2024-06-19 23:28:21,556:DEBUG:parse_part from 6 to 7 (to 6 in part parser)
2024-06-19 23:28:21,556:DEBUG:-> code[replace] old[7:7] new[7:7]
2024-06-19 23:28:21,556:DEBUG:diff parser end
2024-06-19 23:28:21,742:DEBUG:TODO-Liste wird aktualisiert
2024-06-19 23:28:21,923:DEBUG:TODO-Liste wird aktualisiert
2024-06-19 23:28:22,097:DEBUG:TODO-Liste wird aktualisiert
2024-06-19 23:28:22,289:DEBUG:TODO-Liste wird aktualisiert
2024-06-19 23:28:22,843:DEBUG:TODO-Liste wird aktualisiert
2024-06-19 23:28:23,066:DEBUG:TODO-Liste wird aktualisiert
2024-06-19 23:28:23,228:DEBUG:TODO-Liste wird aktualisiert
2024-06-19 23:28:23,408:DEBUG:TODO-Liste wird aktualisiert
2024-06-19 23:28:24,377:DEBUG:TODO-Liste wird aktualisiert
2024-06-19 23:28:27,618:DEBUG:TODO-Liste wird aktualisiert
2024-06-19 23:28:30,004:DEBUG:TODO-Liste wird aktualisiert
2024-06-19 23:28:30,955:DEBUG:TODO-Liste wird aktualisiert
2024-06-19 23:28:30,957:DEBUG:diff parser start
2024-06-19 23:28:30,957:DEBUG:line_lengths old: 7; new: 9
2024-06-19 23:28:30,957:DEBUG:-> code[equal] old[1:4] new[1:4]
2024-06-19 23:28:30,957:DEBUG:copy old[1:1] new[1:1]
2024-06-19 23:28:30,958:DEBUG:parse_part from 2 to 5 (to 6 in part parser)
2024-06-19 23:28:30,958:DEBUG:-> code[replace] old[5:5] new[5:5]
2024-06-19 23:28:30,958:DEBUG:-> code[equal] old[6:6] new[6:6]
2024-06-19 23:28:30,958:DEBUG:parse_part from 6 to 7 (to 8 in part parser)
2024-06-19 23:28:30,958:DEBUG:-> code[replace] old[7:7] new[7:9]
2024-06-19 23:28:30,958:DEBUG:parse_part from 8 to 9 (to 8 in part parser)
2024-06-19 23:28:30,958:DEBUG:diff parser end
2024-06-19 23:28:31,140:DEBUG:TODO-Liste wird aktualisiert
2024-06-19 23:28:31,313:DEBUG:TODO-Liste wird aktualisiert
2024-06-19 23:28:31,484:DEBUG:TODO-Liste wird aktualisiert
2024-06-19 23:28:31,600:DEBUG:TODO-Liste wird aktualisiert
2024-06-19 23:28:32,157:DEBUG:TODO-Liste wird aktualisiert
2024-06-19 23:28:33,554:DEBUG:TODO-Liste wird aktualisiert
2024-06-19 23:28:34,227:DEBUG:TODO-Liste wird aktualisiert
2024-06-19 23:28:34,565:DEBUG:TODO-Liste wird aktualisiert
2024-06-19 23:28:34,842:DEBUG:TODO-Liste wird aktualisiert
2024-06-19 23:28:35,012:DEBUG:TODO-Liste wird aktualisiert
2024-06-19 23:28:35,297:DEBUG:TODO-Liste wird aktualisiert
2024-06-19 23:28:35,448:DEBUG:TODO-Liste wird aktualisiert
2024-06-19 23:28:35,645:DEBUG:TODO-Liste wird aktualisiert
2024-06-19 23:28:35,787:DEBUG:TODO-Liste wird aktualisiert
2024-06-19 23:28:35,992:DEBUG:TODO-Liste wird aktualisiert
2024-06-19 23:28:36,625:DEBUG:TODO-Liste wird aktualisiert
2024-06-19 23:28:37,117:DEBUG:TODO-Liste wird aktualisiert
2024-06-19 23:31:48,634:DEBUG:Script gespeichert: E:\PythonIDE\temp_script.py
2024-06-19 23:32:03,132:DEBUG:TODO-Liste wird aktualisiert
2024-06-19 23:32:03,143:DEBUG:diff parser start
2024-06-19 23:32:03,143:DEBUG:line_lengths old: 9; new: 9
2024-06-19 23:32:03,143:DEBUG:-> code[equal] old[1:3] new[1:3]
2024-06-19 23:32:03,143:DEBUG:copy old[1:1] new[1:1]
2024-06-19 23:32:03,143:DEBUG:parse_part from 2 to 4 (to 4 in part parser)
2024-06-19 23:32:03,143:DEBUG:-> code[replace] old[4:4] new[4:4]
2024-06-19 23:32:03,143:DEBUG:-> code[equal] old[5:8] new[5:8]
2024-06-19 23:32:03,143:DEBUG:parse_part from 5 to 5 (to 6 in part parser)
2024-06-19 23:32:03,143:DEBUG:parse_part from 6 to 7 (to 8 in part parser)
2024-06-19 23:32:03,143:DEBUG:parse_part from 8 to 9 (to 8 in part parser)
2024-06-19 23:32:03,143:DEBUG:-> code[replace] old[9:9] new[9:9]
2024-06-19 23:32:03,143:DEBUG:diff parser end
2024-06-19 23:32:03,406:DEBUG:TODO-Liste wird aktualisiert
2024-06-19 23:32:05,223:DEBUG:TODO-Liste wird aktualisiert
2024-06-19 23:32:05,734:DEBUG:TODO-Liste wird aktualisiert
2024-06-19 23:32:06,474:DEBUG:TODO-Liste wird aktualisiert
2024-06-19 23:32:06,672:DEBUG:TODO-Liste wird aktualisiert
2024-06-19 23:32:07,044:DEBUG:TODO-Liste wird aktualisiert
2024-06-19 23:32:07,301:DEBUG:TODO-Liste wird aktualisiert
2024-06-19 23:32:07,430:DEBUG:TODO-Liste wird aktualisiert
2024-06-19 23:32:07,592:DEBUG:TODO-Liste wird aktualisiert
2024-06-19 23:32:12,345:DEBUG:Script gespeichert: E:\PythonIDE\temp_script.py
2024-06-19 23:32:21,641:DEBUG:TODO-Liste wird aktualisiert
2024-06-19 23:32:21,641:DEBUG:diff parser start
2024-06-19 23:32:21,641:DEBUG:line_lengths old: 9; new: 9
2024-06-19 23:32:21,641:DEBUG:-> code[equal] old[1:3] new[1:3]
2024-06-19 23:32:21,641:DEBUG:copy old[1:1] new[1:1]
2024-06-19 23:32:21,641:DEBUG:parse_part from 2 to 5 (to 6 in part parser)
2024-06-19 23:32:21,641:DEBUG:-> code[replace] old[4:4] new[4:4]
2024-06-19 23:32:21,641:DEBUG:-> code[equal] old[5:9] new[5:9]
2024-06-19 23:32:21,641:DEBUG:parse_part from 6 to 7 (to 8 in part parser)
2024-06-19 23:32:21,641:DEBUG:copy old[9:8] new[8:9]
2024-06-19 23:32:21,641:DEBUG:diff parser end
2024-06-19 23:32:38,241:DEBUG:Einstellungen gespeichert
2024-06-19 23:32:38,257:DEBUG:Programm geschlossen und log Datei gelöscht
2024-06-20 04:31:57,112:DEBUG:Anwendung wird gestartet
2024-06-20 04:31:57,139:DEBUG:Embedded Python Path: c:\users\ralfk\appdata\local\programs\python\python312\python.exe
2024-06-20 04:31:57,139:DEBUG:Console Initialisierung beginnt
2024-06-20 04:31:57,140:DEBUG:UI Initialisierung beginnt
2024-06-20 04:31:57,516:DEBUG:Dock Widgets werden eingerichtet
2024-06-20 04:31:57,533:DEBUG:UI Initialisierung abgeschlossen
2024-06-20 04:31:57,608:DEBUG:Einstellungen geladen
2024-06-20 04:31:57,608:DEBUG:Console Initialisierung abgeschlossen
2024-06-20 04:31:57,632:DEBUG:Hauptfenster wird angezeigt
2024-06-20 04:32:02,637:DEBUG:Projekt wird geöffnet
2024-06-20 04:32:19,411:DEBUG:Projektverzeichnis gesetzt: C:/Python_IDE
2024-06-20 04:32:22,755:DEBUG:Neue Datei wird erstellt
2024-06-20 04:32:30,525:DEBUG:Datei wird geladen: C:/Python_IDE\plugin_manager.py
2024-06-20 04:32:30,526:DEBUG:TODO-Liste wird aktualisiert
2024-06-20 04:32:30,526:DEBUG:TODO-Liste wird aktualisiert
2024-06-20 04:32:53,478:DEBUG:TODO-Liste wird aktualisiert
2024-06-20 04:32:56,274:DEBUG:Datei wird gespeichert
2024-06-20 04:33:04,889:DEBUG:Neue Datei wird erstellt
2024-06-20 04:33:09,415:DEBUG:Datei wird geladen: C:/Python_IDE\snippets\plugin_interface.py
2024-06-20 04:33:09,415:DEBUG:TODO-Liste wird aktualisiert
2024-06-20 04:33:09,425:DEBUG:TODO-Liste wird aktualisiert
2024-06-20 04:33:13,517:DEBUG:TODO-Liste wird aktualisiert
2024-06-20 04:33:16,237:DEBUG:Datei wird gespeichert
2024-06-20 04:34:18,380:DEBUG:Neuer Ordner wird erstellt
2024-06-20 04:34:30,816:DEBUG:Datei wird geladen: C:/Python_IDE\snippets\plugins
2024-06-20 04:34:44,431:DEBUG:Datei wird geladen: C:/Python_IDE\snippets\plugin_interface.py
2024-06-20 04:34:44,439:DEBUG:TODO-Liste wird aktualisiert
2024-06-20 04:34:44,440:DEBUG:TODO-Liste wird aktualisiert
2024-06-20 04:34:49,293:DEBUG:Datei wird geladen: C:/Python_IDE\plugin_manager.py
2024-06-20 04:34:49,305:DEBUG:TODO-Liste wird aktualisiert
2024-06-20 04:34:49,306:DEBUG:TODO-Liste wird aktualisiert
2024-06-20 04:34:50,690:DEBUG:Datei wird geladen: C:/Python_IDE\snippets\plugin_interface.py
2024-06-20 04:34:50,690:DEBUG:TODO-Liste wird aktualisiert
2024-06-20 04:34:50,690:DEBUG:TODO-Liste wird aktualisiert
2024-06-20 04:34:52,266:DEBUG:Einstellungen gespeichert
2024-06-20 04:34:52,300:DEBUG:Programm geschlossen und log Datei gelöscht
2024-06-20 04:34:59,214:DEBUG:Anwendung wird gestartet
2024-06-20 04:34:59,225:DEBUG:Embedded Python Path: c:\users\ralfk\appdata\local\programs\python\python312\python.exe
2024-06-20 04:34:59,227:DEBUG:Console Initialisierung beginnt
2024-06-20 04:34:59,227:DEBUG:UI Initialisierung beginnt
2024-06-20 04:34:59,526:DEBUG:Dock Widgets werden eingerichtet
2024-06-20 04:34:59,539:DEBUG:UI Initialisierung abgeschlossen
2024-06-20 04:34:59,570:DEBUG:Einstellungen geladen
2024-06-20 04:34:59,570:DEBUG:Console Initialisierung abgeschlossen
2024-06-20 04:34:59,598:DEBUG:Hauptfenster wird angezeigt
2024-06-20 04:35:06,618:DEBUG:Projekt wird geöffnet
2024-06-20 04:35:36,833:DEBUG:Projekt wird geöffnet
2024-06-20 04:35:39,334:DEBUG:Projektverzeichnis gesetzt: E:/PythonIDE
2024-06-20 04:35:44,219:DEBUG:Projekt wird geöffnet
2024-06-20 04:35:55,191:DEBUG:Projektverzeichnis gesetzt: C:/Python_IDE
2024-06-20 04:36:10,043:DEBUG:Projekt wird geöffnet
2024-06-20 04:36:17,412:DEBUG:Projektverzeichnis gesetzt: C:/Python_IDE/plugins
2024-06-20 04:37:15,264:DEBUG:Projekt wird geöffnet
2024-06-20 04:37:26,078:DEBUG:Projektverzeichnis gesetzt: C:/Python_IDE
2024-06-20 04:37:59,420:DEBUG:Datei wird geladen: C:/Python_IDE\plugins\hello_plugin.py
2024-06-20 04:37:59,426:DEBUG:TODO-Liste wird aktualisiert
2024-06-20 04:37:59,426:DEBUG:TODO-Liste wird aktualisiert
2024-06-20 04:38:03,651:DEBUG:Datei wird gespeichert
2024-06-20 04:38:08,585:DEBUG:TODO-Liste wird aktualisiert
2024-06-20 04:38:08,585:DEBUG:Code formatiert
2024-06-20 04:38:11,106:DEBUG:Datei wird gespeichert
2024-06-20 04:38:17,360:DEBUG:Einstellungen gespeichert
2024-06-20 04:38:17,376:DEBUG:Programm geschlossen und log Datei gelöscht
2024-06-20 05:26:53,947:DEBUG:Anwendung wird gestartet
2024-06-20 05:26:53,958:DEBUG:Embedded Python Path: c:\users\ralfk\appdata\local\programs\python\python312\python.exe
2024-06-20 05:26:53,958:DEBUG:Console Initialisierung beginnt
2024-06-20 05:26:53,958:DEBUG:UI Initialisierung beginnt
2024-06-20 05:26:54,248:DEBUG:Dock Widgets werden eingerichtet
2024-06-20 05:26:54,261:DEBUG:UI Initialisierung abgeschlossen
2024-06-20 05:26:54,290:DEBUG:Einstellungen geladen
2024-06-20 05:26:54,291:INFO:Plugin HelloPlugin loaded from plugins\hello_plugin.py
2024-06-20 05:26:54,291:DEBUG:Console Initialisierung abgeschlossen
2024-06-20 05:26:54,317:DEBUG:Hauptfenster wird angezeigt
2024-06-20 05:26:57,917:INFO:Plugin HelloPlugin initialized
2024-06-20 05:27:19,628:DEBUG:Projekt wird geöffnet
2024-06-20 05:27:36,177:DEBUG:Projektverzeichnis gesetzt: D:/test Projekt
2024-06-20 05:27:38,140:DEBUG:Datei wird geladen: D:/test Projekt\5_Block_test.py
2024-06-20 05:27:38,172:DEBUG:TODO-Liste wird aktualisiert
2024-06-20 05:27:38,172:DEBUG:TODO-Liste wird aktualisiert
2024-06-20 05:28:03,044:DEBUG:Script gespeichert: D:/test Projekt\temp_script.py
2024-06-20 05:29:17,457:DEBUG:Einstellungen gespeichert
2024-06-20 05:29:17,507:DEBUG:Programm geschlossen und log Datei gelöscht
2024-06-20 08:00:44,559:DEBUG:Anwendung wird gestartet
2024-06-20 08:00:44,571:DEBUG:Embedded Python Path: c:\users\ralfk\appdata\local\programs\python\python312\python.exe
2024-06-20 08:00:44,572:DEBUG:Console Initialisierung beginnt
2024-06-20 08:00:44,572:DEBUG:UI Initialisierung beginnt
2024-06-20 08:00:44,858:DEBUG:Dock Widgets werden eingerichtet
2024-06-20 08:00:44,872:DEBUG:UI Initialisierung abgeschlossen
2024-06-20 08:00:44,901:DEBUG:Einstellungen geladen
2024-06-20 08:00:44,902:INFO:Plugin DebuggerPlugin loaded from plugins\debugger_plugin.py
2024-06-20 08:00:44,903:INFO:Plugin HelloPlugin loaded from plugins\hello_plugin.py
2024-06-20 08:00:44,903:INFO:Plugin RefactorPlugin loaded from plugins\refactor_plugin.py
2024-06-20 08:00:44,986:INFO:Plugin UnitTestPlugin loaded from plugins\unit_test_plugin.py
2024-06-20 08:00:44,987:DEBUG:Console Initialisierung abgeschlossen
2024-06-20 08:00:45,024:DEBUG:Hauptfenster wird angezeigt
2024-06-20 08:00:56,652:INFO:Plugin HelloPlugin initialized
2024-06-20 08:01:42,026:DEBUG:Anwendung wird gestartet
2024-06-20 08:01:42,033:DEBUG:Embedded Python Path: c:\users\ralfk\appdata\local\programs\python\python312\python.exe
2024-06-20 08:01:42,033:DEBUG:Console Initialisierung beginnt
2024-06-20 08:01:42,033:DEBUG:UI Initialisierung beginnt
2024-06-20 08:01:42,344:DEBUG:Dock Widgets werden eingerichtet
2024-06-20 08:01:42,371:DEBUG:UI Initialisierung abgeschlossen
2024-06-20 08:01:42,400:DEBUG:Einstellungen geladen
2024-06-20 08:01:42,401:INFO:Plugin DebuggerPlugin loaded from plugins\debugger_plugin.py
2024-06-20 08:01:42,401:INFO:Plugin RefactorPlugin loaded from plugins\refactor_plugin.py
2024-06-20 08:01:42,401:INFO:Plugin UnitTestPlugin loaded from plugins\unit_test_plugin.py
2024-06-20 08:01:42,401:DEBUG:Console Initialisierung abgeschlossen
2024-06-20 08:01:42,430:DEBUG:Hauptfenster wird angezeigt
2024-06-20 08:01:46,440:INFO:Plugin UnitTestPlugin initialized
2024-06-20 08:02:02,025:DEBUG:Datei wird geladen: D:/Einezelscripts Python
2024-06-20 08:02:31,058:DEBUG:Starting new HTTPS connection (1): api.mymemory.translated.net:443
2024-06-20 08:02:31,730:DEBUG:https://api.mymemory.translated.net:443 "GET /get?q=Permission+denied%3A+&langpair=en%7Cde HTTP/1.1" 200 1184
